# JRE version: Java(TM) SE Runtime Environment (8.0_191-b12) (build 1.8.0_191-b12)
# Java VM: Java HotSpot(TM) 64-Bit Server VM (25.191-b12 mixed mode linux-amd64 compressed oops)
Heap:
 PSYoungGen      total 906752K, used 17369K [0x000000076d000000, 0x00000007c0000000, 0x00000007c0000000)
  eden space 453632K, 0% used [0x000000076d000000,0x000000076d000000,0x0000000788b00000)
  from space 453120K, 3% used [0x00000007a4580000,0x00000007a56767f0,0x00000007c0000000)
  to   space 453120K, 0% used [0x0000000788b00000,0x0000000788b00000,0x00000007a4580000)
 ParOldGen       total 1220096K, used 1219653K [0x00000006c7000000, 0x0000000711780000, 0x000000076d000000)
  object space 1220096K, 99% used [0x00000006c7000000,0x0000000711711748,0x0000000711780000)
 Metaspace       used 19416K, capacity 20544K, committed 20608K, reserved 1067008K
  class space    used 2670K, capacity 2897K, committed 2944K, reserved 1048576K
GC Heap History (10 events):
Event: 22,247 GC heap after
Heap after GC invocations=22 (full 4):
 PSYoungGen      total 823808K, used 33329K [0x000000076d000000, 0x00000007baf00000, 0x00000007c0000000)
  eden space 371712K, 0% used [0x000000076d000000,0x000000076d000000,0x0000000783b00000)
  from space 452096K, 7% used [0x000000079f580000,0x00000007a160c418,0x00000007baf00000)
  to   space 452608K, 0% used [0x0000000783b00000,0x0000000783b00000,0x000000079f500000)
 ParOldGen       total 1220096K, used 806340K [0x00000006c7000000, 0x0000000711780000, 0x000000076d000000)
  object space 1220096K, 66% used [0x00000006c7000000,0x00000006f8371368,0x0000000711780000)
 Metaspace       used 17465K, capacity 18234K, committed 18304K, reserved 1064960K
  class space    used 2455K, capacity 2642K, committed 2688K, reserved 1048576K
}
Event: 53,500 GC heap before
{Heap before GC invocations=23 (full 4):
 PSYoungGen      total 823808K, used 405041K [0x000000076d000000, 0x00000007baf00000, 0x00000007c0000000)
  eden space 371712K, 100% used [0x000000076d000000,0x0000000783b00000,0x0000000783b00000)
  from space 452096K, 7% used [0x000000079f580000,0x00000007a160c418,0x00000007baf00000)
  to   space 452608K, 0% used [0x0000000783b00000,0x0000000783b00000,0x000000079f500000)
 ParOldGen       total 1220096K, used 806340K [0x00000006c7000000, 0x0000000711780000, 0x000000076d000000)
  object space 1220096K, 66% used [0x00000006c7000000,0x00000006f8371368,0x0000000711780000)
 Metaspace       used 19406K, capacity 20538K, committed 20608K, reserved 1067008K
  class space    used 2668K, capacity 2896K, committed 2944K, reserved 1048576K
Event: 53,790 GC heap after
Heap after GC invocations=23 (full 4):
 PSYoungGen      total 824320K, used 175756K [0x000000076d000000, 0x00000007bc880000, 0x00000007c0000000)
  eden space 371712K, 0% used [0x000000076d000000,0x000000076d000000,0x0000000783b00000)
  from space 452608K, 38% used [0x0000000783b00000,0x000000078e6a3390,0x000000079f500000)
  to   space 432128K, 0% used [0x00000007a2280000,0x00000007a2280000,0x00000007bc880000)
 ParOldGen       total 1220096K, used 812916K [0x00000006c7000000, 0x0000000711780000, 0x000000076d000000)
  object space 1220096K, 66% used [0x00000006c7000000,0x00000006f89dd368,0x0000000711780000)
 Metaspace       used 19406K, capacity 20538K, committed 20608K, reserved 1067008K
  class space    used 2668K, capacity 2896K, committed 2944K, reserved 1048576K
}
Event: 54,195 GC heap before
{Heap before GC invocations=24 (full 4):
 PSYoungGen      total 824320K, used 547468K [0x000000076d000000, 0x00000007bc880000, 0x00000007c0000000)
  eden space 371712K, 100% used [0x000000076d000000,0x0000000783b00000,0x0000000783b00000)
  from space 452608K, 38% used [0x0000000783b00000,0x000000078e6a3390,0x000000079f500000)
  to   space 432128K, 0% used [0x00000007a2280000,0x00000007a2280000,0x00000007bc880000)
 ParOldGen       total 1220096K, used 812916K [0x00000006c7000000, 0x0000000711780000, 0x000000076d000000)
  object space 1220096K, 66% used [0x00000006c7000000,0x00000006f89dd368,0x0000000711780000)
 Metaspace       used 19407K, capacity 20538K, committed 20608K, reserved 1067008K
  class space    used 2668K, capacity 2896K, committed 2944K, reserved 1048576K
Event: 54,550 GC heap after
Heap after GC invocations=24 (full 4):
 PSYoungGen      total 849920K, used 410416K [0x000000076d000000, 0x00000007bf500000, 0x00000007c0000000)
  eden space 417792K, 0% used [0x000000076d000000,0x000000076d000000,0x0000000786800000)
  from space 432128K, 94% used [0x00000007a2280000,0x00000007bb34c3c0,0x00000007bc880000)
  to   space 453120K, 0% used [0x0000000786800000,0x0000000786800000,0x00000007a2280000)
 ParOldGen       total 1220096K, used 812916K [0x00000006c7000000, 0x0000000711780000, 0x000000076d000000)
  object space 1220096K, 66% used [0x00000006c7000000,0x00000006f89dd368,0x0000000711780000)
 Metaspace       used 19407K, capacity 20538K, committed 20608K, reserved 1067008K
  class space    used 2668K, capacity 2896K, committed 2944K, reserved 1048576K
}
Event: 54,898 GC heap before
{Heap before GC invocations=25 (full 4):
 PSYoungGen      total 849920K, used 828208K [0x000000076d000000, 0x00000007bf500000, 0x00000007c0000000)
  eden space 417792K, 100% used [0x000000076d000000,0x0000000786800000,0x0000000786800000)
  from space 432128K, 94% used [0x00000007a2280000,0x00000007bb34c3c0,0x00000007bc880000)
  to   space 453120K, 0% used [0x0000000786800000,0x0000000786800000,0x00000007a2280000)
 ParOldGen       total 1220096K, used 812916K [0x00000006c7000000, 0x0000000711780000, 0x000000076d000000)
  object space 1220096K, 66% used [0x00000006c7000000,0x00000006f89dd368,0x0000000711780000)
 Metaspace       used 19407K, capacity 20538K, committed 20608K, reserved 1067008K
  class space    used 2668K, capacity 2896K, committed 2944K, reserved 1048576K
Event: 55,454 GC heap after
Heap after GC invocations=25 (full 4):
 PSYoungGen      total 870912K, used 453112K [0x000000076d000000, 0x00000007c0000000, 0x00000007c0000000)
  eden space 417792K, 0% used [0x000000076d000000,0x000000076d000000,0x0000000786800000)
  from space 453120K, 99% used [0x0000000786800000,0x00000007a227e090,0x00000007a2280000)
  to   space 453120K, 0% used [0x00000007a4580000,0x00000007a4580000,0x00000007c0000000)
 ParOldGen       total 1220096K, used 945023K [0x00000006c7000000, 0x0000000711780000, 0x000000076d000000)
  object space 1220096K, 77% used [0x00000006c7000000,0x0000000700adfe08,0x0000000711780000)
 Metaspace       used 19407K, capacity 20538K, committed 20608K, reserved 1067008K
  class space    used 2668K, capacity 2896K, committed 2944K, reserved 1048576K
}
Event: 56,392 GC heap before
{Heap before GC invocations=26 (full 4):
 PSYoungGen      total 870912K, used 870904K [0x000000076d000000, 0x00000007c0000000, 0x00000007c0000000)
  eden space 417792K, 100% used [0x000000076d000000,0x0000000786800000,0x0000000786800000)
  from space 453120K, 99% used [0x0000000786800000,0x00000007a227e090,0x00000007a2280000)
  to   space 453120K, 0% used [0x00000007a4580000,0x00000007a4580000,0x00000007c0000000)
 ParOldGen       total 1220096K, used 945023K [0x00000006c7000000, 0x0000000711780000, 0x000000076d000000)
  object space 1220096K, 77% used [0x00000006c7000000,0x0000000700adfe08,0x0000000711780000)
 Metaspace       used 19416K, capacity 20544K, committed 20608K, reserved 1067008K
  class space    used 2670K, capacity 2897K, committed 2944K, reserved 1048576K
Event: 57,185 GC heap after
Heap after GC invocations=26 (full 4):
 PSYoungGen      total 906752K, used 453098K [0x000000076d000000, 0x00000007c0000000, 0x00000007c0000000)
  eden space 453632K, 0% used [0x000000076d000000,0x000000076d000000,0x0000000788b00000)
  from space 453120K, 99% used [0x00000007a4580000,0x00000007bfffaad8,0x00000007c0000000)
  to   space 453120K, 0% used [0x0000000788b00000,0x0000000788b00000,0x00000007a4580000)
 ParOldGen       total 1220096K, used 1120934K [0x00000006c7000000, 0x0000000711780000, 0x000000076d000000)
  object space 1220096K, 91% used [0x00000006c7000000,0x000000070b6a9a20,0x0000000711780000)
 Metaspace       used 19416K, capacity 20544K, committed 20608K, reserved 1067008K
  class space    used 2670K, capacity 2897K, committed 2944K, reserved 1048576K
}
Event: 57,185 GC heap before
{Heap before GC invocations=27 (full 5):
 PSYoungGen      total 906752K, used 453098K [0x000000076d000000, 0x00000007c0000000, 0x00000007c0000000)
  eden space 453632K, 0% used [0x000000076d000000,0x000000076d000000,0x0000000788b00000)
  from space 453120K, 99% used [0x00000007a4580000,0x00000007bfffaad8,0x00000007c0000000)
  to   space 453120K, 0% used [0x0000000788b00000,0x0000000788b00000,0x00000007a4580000)
 ParOldGen       total 1220096K, used 1120934K [0x00000006c7000000, 0x0000000711780000, 0x000000076d000000)
  object space 1220096K, 91% used [0x00000006c7000000,0x000000070b6a9a20,0x0000000711780000)
 Metaspace       used 19416K, capacity 20544K, committed 20608K, reserved 1067008K
  class space    used 2670K, capacity 2897K, committed 2944K, reserved 1048576K

