# JRE version: Java(TM) SE Runtime Environment (8.0_191-b12) (build 1.8.0_191-b12)
# Java VM: Java HotSpot(TM) 64-Bit Server VM (25.191-b12 mixed mode linux-amd64 compressed oops)
Heap:
 PSYoungGen      total 906752K, used 0K [0x000000076d000000, 0x00000007c0000000, 0x00000007c0000000)
  eden space 453632K, 0% used [0x000000076d000000,0x000000076d000000,0x0000000788b00000)
  from space 453120K, 0% used [0x0000000788b00000,0x0000000788b00000,0x00000007a4580000)
  to   space 453120K, 0% used [0x00000007a4580000,0x00000007a4580000,0x00000007c0000000)
 ParOldGen       total 1253888K, used 1131983K [0x00000006c7000000, 0x0000000713880000, 0x000000076d000000)
  object space 1253888K, 90% used [0x00000006c7000000,0x000000070c173fc8,0x0000000713880000)
 Metaspace       used 18631K, capacity 19796K, committed 20096K, reserved 1067008K
  class space    used 2659K, capacity 2887K, committed 2944K, reserved 1048576K
GC Heap History (10 events):
Event: 41,959 GC heap after
Heap after GC invocations=30 (full 5):
 PSYoungGen      total 906752K, used 73774K [0x000000076d000000, 0x00000007c0000000, 0x00000007c0000000)
  eden space 453632K, 0% used [0x000000076d000000,0x000000076d000000,0x0000000788b00000)
  from space 453120K, 16% used [0x0000000788b00000,0x000000078d30baa0,0x00000007a4580000)
  to   space 453120K, 0% used [0x00000007a4580000,0x00000007a4580000,0x00000007c0000000)
 ParOldGen       total 1168384K, used 740875K [0x00000006c7000000, 0x000000070e500000, 0x000000076d000000)
  object space 1168384K, 63% used [0x00000006c7000000,0x00000006f4382e30,0x000000070e500000)
 Metaspace       used 18631K, capacity 19796K, committed 20096K, reserved 1067008K
  class space    used 2659K, capacity 2887K, committed 2944K, reserved 1048576K
}
Event: 42,336 GC heap before
{Heap before GC invocations=31 (full 5):
 PSYoungGen      total 906752K, used 527406K [0x000000076d000000, 0x00000007c0000000, 0x00000007c0000000)
  eden space 453632K, 100% used [0x000000076d000000,0x0000000788b00000,0x0000000788b00000)
  from space 453120K, 16% used [0x0000000788b00000,0x000000078d30baa0,0x00000007a4580000)
  to   space 453120K, 0% used [0x00000007a4580000,0x00000007a4580000,0x00000007c0000000)
 ParOldGen       total 1168384K, used 740875K [0x00000006c7000000, 0x000000070e500000, 0x000000076d000000)
  object space 1168384K, 63% used [0x00000006c7000000,0x00000006f4382e30,0x000000070e500000)
 Metaspace       used 18631K, capacity 19796K, committed 20096K, reserved 1067008K
  class space    used 2659K, capacity 2887K, committed 2944K, reserved 1048576K
Event: 42,475 GC heap after
Heap after GC invocations=31 (full 5):
 PSYoungGen      total 906752K, used 28621K [0x000000076d000000, 0x00000007c0000000, 0x00000007c0000000)
  eden space 453632K, 0% used [0x000000076d000000,0x000000076d000000,0x0000000788b00000)
  from space 453120K, 6% used [0x00000007a4580000,0x00000007a61737f0,0x00000007c0000000)
  to   space 453120K, 0% used [0x0000000788b00000,0x0000000788b00000,0x00000007a4580000)
 ParOldGen       total 1168384K, used 812922K [0x00000006c7000000, 0x000000070e500000, 0x000000076d000000)
  object space 1168384K, 69% used [0x00000006c7000000,0x00000006f89de818,0x000000070e500000)
 Metaspace       used 18631K, capacity 19796K, committed 20096K, reserved 1067008K
  class space    used 2659K, capacity 2887K, committed 2944K, reserved 1048576K
}
Event: 43,380 GC heap before
{Heap before GC invocations=32 (full 5):
 PSYoungGen      total 906752K, used 482253K [0x000000076d000000, 0x00000007c0000000, 0x00000007c0000000)
  eden space 453632K, 100% used [0x000000076d000000,0x0000000788b00000,0x0000000788b00000)
  from space 453120K, 6% used [0x00000007a4580000,0x00000007a61737f0,0x00000007c0000000)
  to   space 453120K, 0% used [0x0000000788b00000,0x0000000788b00000,0x00000007a4580000)
 ParOldGen       total 1168384K, used 812922K [0x00000006c7000000, 0x000000070e500000, 0x000000076d000000)
  object space 1168384K, 69% used [0x00000006c7000000,0x00000006f89de818,0x000000070e500000)
 Metaspace       used 18631K, capacity 19796K, committed 20096K, reserved 1067008K
  class space    used 2659K, capacity 2887K, committed 2944K, reserved 1048576K
Event: 43,520 GC heap after
Heap after GC invocations=32 (full 5):
 PSYoungGen      total 906752K, used 134464K [0x000000076d000000, 0x00000007c0000000, 0x00000007c0000000)
  eden space 453632K, 0% used [0x000000076d000000,0x000000076d000000,0x0000000788b00000)
  from space 453120K, 29% used [0x0000000788b00000,0x0000000790e50398,0x00000007a4580000)
  to   space 453120K, 0% used [0x00000007a4580000,0x00000007a4580000,0x00000007c0000000)
 ParOldGen       total 1168384K, used 839255K [0x00000006c7000000, 0x000000070e500000, 0x000000076d000000)
  object space 1168384K, 71% used [0x00000006c7000000,0x00000006fa395cb0,0x000000070e500000)
 Metaspace       used 18631K, capacity 19796K, committed 20096K, reserved 1067008K
  class space    used 2659K, capacity 2887K, committed 2944K, reserved 1048576K
}
Event: 44,077 GC heap before
{Heap before GC invocations=33 (full 5):
 PSYoungGen      total 906752K, used 588096K [0x000000076d000000, 0x00000007c0000000, 0x00000007c0000000)
  eden space 453632K, 100% used [0x000000076d000000,0x0000000788b00000,0x0000000788b00000)
  from space 453120K, 29% used [0x0000000788b00000,0x0000000790e50398,0x00000007a4580000)
  to   space 453120K, 0% used [0x00000007a4580000,0x00000007a4580000,0x00000007c0000000)
 ParOldGen       total 1168384K, used 839255K [0x00000006c7000000, 0x000000070e500000, 0x000000076d000000)
  object space 1168384K, 71% used [0x00000006c7000000,0x00000006fa395cb0,0x000000070e500000)
 Metaspace       used 18631K, capacity 19796K, committed 20096K, reserved 1067008K
  class space    used 2659K, capacity 2887K, committed 2944K, reserved 1048576K
Event: 44,415 GC heap after
Heap after GC invocations=33 (full 5):
 PSYoungGen      total 906752K, used 278535K [0x000000076d000000, 0x00000007c0000000, 0x00000007c0000000)
  eden space 453632K, 0% used [0x000000076d000000,0x000000076d000000,0x0000000788b00000)
  from space 453120K, 61% used [0x00000007a4580000,0x00000007b5581c00,0x00000007c0000000)
  to   space 453120K, 0% used [0x0000000788b00000,0x0000000788b00000,0x00000007a4580000)
 ParOldGen       total 1168384K, used 973772K [0x00000006c7000000, 0x000000070e500000, 0x000000076d000000)
  object space 1168384K, 83% used [0x00000006c7000000,0x00000007026f3058,0x000000070e500000)
 Metaspace       used 18631K, capacity 19796K, committed 20096K, reserved 1067008K
  class space    used 2659K, capacity 2887K, committed 2944K, reserved 1048576K
}
Event: 44,793 GC heap before
{Heap before GC invocations=34 (full 5):
 PSYoungGen      total 906752K, used 732167K [0x000000076d000000, 0x00000007c0000000, 0x00000007c0000000)
  eden space 453632K, 100% used [0x000000076d000000,0x0000000788b00000,0x0000000788b00000)
  from space 453120K, 61% used [0x00000007a4580000,0x00000007b5581c00,0x00000007c0000000)
  to   space 453120K, 0% used [0x0000000788b00000,0x0000000788b00000,0x00000007a4580000)
 ParOldGen       total 1168384K, used 973772K [0x00000006c7000000, 0x000000070e500000, 0x000000076d000000)
  object space 1168384K, 83% used [0x00000006c7000000,0x00000007026f3058,0x000000070e500000)
 Metaspace       used 18631K, capacity 19796K, committed 20096K, reserved 1067008K
  class space    used 2659K, capacity 2887K, committed 2944K, reserved 1048576K
Event: 45,575 GC heap after
Heap after GC invocations=34 (full 5):
 PSYoungGen      total 906752K, used 185728K [0x000000076d000000, 0x00000007c0000000, 0x00000007c0000000)
  eden space 453632K, 0% used [0x000000076d000000,0x000000076d000000,0x0000000788b00000)
  from space 453120K, 40% used [0x0000000788b00000,0x0000000794060000,0x00000007a4580000)
  to   space 453120K, 0% used [0x00000007a4580000,0x00000007a4580000,0x00000007c0000000)
 ParOldGen       total 1253888K, used 1253170K [0x00000006c7000000, 0x0000000713880000, 0x000000076d000000)
  object space 1253888K, 99% used [0x00000006c7000000,0x00000007137ccba8,0x0000000713880000)
 Metaspace       used 18631K, capacity 19796K, committed 20096K, reserved 1067008K
  class space    used 2659K, capacity 2887K, committed 2944K, reserved 1048576K
}
Event: 45,575 GC heap before
{Heap before GC invocations=35 (full 6):
 PSYoungGen      total 906752K, used 185728K [0x000000076d000000, 0x00000007c0000000, 0x00000007c0000000)
  eden space 453632K, 0% used [0x000000076d000000,0x000000076d000000,0x0000000788b00000)
  from space 453120K, 40% used [0x0000000788b00000,0x0000000794060000,0x00000007a4580000)
  to   space 453120K, 0% used [0x00000007a4580000,0x00000007a4580000,0x00000007c0000000)
 ParOldGen       total 1253888K, used 1253170K [0x00000006c7000000, 0x0000000713880000, 0x000000076d000000)
  object space 1253888K, 99% used [0x00000006c7000000,0x00000007137ccba8,0x0000000713880000)
 Metaspace       used 18631K, capacity 19796K, committed 20096K, reserved 1067008K
  class space    used 2659K, capacity 2887K, committed 2944K, reserved 1048576K

